Using pre-set license
Built from '2020.3/staging' branch; Version is '2020.3.5f1 (8095aa901b9b) revision 8426922'; Using compiler version '192528614'; Build Type 'Release'
OS: 'Windows 10 Pro; OS build 19041.1052; Version 2004; 64bit' Language: 'de' Physical Memory: 8109 MB
BatchMode: 1, IsHumanControllingUs: 0, StartBugReporterOnCrash: 0, Is64bit: 1, IsPro: 0

 COMMAND LINE ARGUMENTS:
C:\Program Files\Unity\Hub\Editor\2020.3.5f1\Editor\Unity.exe
-adb2
-batchMode
-noUpm
-name
AssetImportWorker0
-projectPath
C:/Users/mail/OneDrive/Dokumente/GitHub/Teamprojekt2021
-logFile
Logs/AssetImportWorker0.log
-srvPort
55906
Successfully changed project path to: C:/Users/mail/OneDrive/Dokumente/GitHub/Teamprojekt2021
C:/Users/mail/OneDrive/Dokumente/GitHub/Teamprojekt2021
Using Asset Import Pipeline V2.
Refreshing native plugins compatible for Editor in 75.43 ms, found 8 plugins.
Preloading 0 native plugins for Editor in 0.00 ms.
Initialize engine version: 2020.3.5f1 (8095aa901b9b)
[Subsystems] Discovering subsystems at path C:/Program Files/Unity/Hub/Editor/2020.3.5f1/Editor/Data/Resources/UnitySubsystems
[Subsystems] Discovering subsystems at path C:/Users/mail/OneDrive/Dokumente/GitHub/Teamprojekt2021/Assets
GfxDevice: creating device client; threaded=0
Direct3D:
    Version:  Direct3D 11.0 [level 11.1]
    Renderer: Intel(R) HD Graphics 620 (ID=0x5916)
    Vendor:   
    VRAM:     4054 MB
    Driver:   27.20.100.8682
Initialize mono
Mono path[0] = 'C:/Program Files/Unity/Hub/Editor/2020.3.5f1/Editor/Data/Managed'
Mono path[1] = 'C:/Program Files/Unity/Hub/Editor/2020.3.5f1/Editor/Data/MonoBleedingEdge/lib/mono/unityjit'
Mono config path = 'C:/Program Files/Unity/Hub/Editor/2020.3.5f1/Editor/Data/MonoBleedingEdge/etc'
Using monoOptions --debugger-agent=transport=dt_socket,embedding=1,server=y,suspend=n,address=127.0.0.1:56980
Begin MonoManager ReloadAssembly
Registering precompiled unity dll's ...
Register platform support module: C:/Program Files/Unity/Hub/Editor/2020.3.5f1/Editor/Data/PlaybackEngines/WebGLSupport/UnityEditor.WebGL.Extensions.dll
Register platform support module: C:/Program Files/Unity/Hub/Editor/2020.3.5f1/Editor/Data/PlaybackEngines/WindowsStandaloneSupport/UnityEditor.WindowsStandalone.Extensions.dll
Registered in 0.003587 seconds.
Native extension for WindowsStandalone target not found
Native extension for WebGL target not found
Refreshing native plugins compatible for Editor in 256.57 ms, found 8 plugins.
Preloading 0 native plugins for Editor in 0.00 ms.
Mono: successfully reloaded assembly
- Completed reload, in  3.692 seconds
Platform modules already initialized, skipping
Registering precompiled user dll's ...
Registered in 0.015784 seconds.
Begin MonoManager ReloadAssembly
Native extension for WindowsStandalone target not found
Native extension for WebGL target not found
Refreshing native plugins compatible for Editor in 0.60 ms, found 8 plugins.
Preloading 0 native plugins for Editor in 0.00 ms.
Mono: successfully reloaded assembly
- Completed reload, in  1.666 seconds
Platform modules already initialized, skipping
========================================================================
Worker process is ready to serve import requests
Launched and connected shader compiler UnityShaderCompiler.exe after 0.09 seconds
Refreshing native plugins compatible for Editor in 0.98 ms, found 8 plugins.
Preloading 0 native plugins for Editor in 0.00 ms.
Unloading 1548 Unused Serialized files (Serialized files now loaded: 0)
System memory in use before: 74.5 MB.
System memory in use after: 74.6 MB.

Unloading 36 unused Assets to reduce memory usage. Loaded Objects now: 1971.
Total: 4.645100 ms (FindLiveObjects: 1.265400 ms CreateObjectMapping: 0.133000 ms MarkObjects: 3.098500 ms  DeleteObjects: 0.146100 ms)

========================================================================
Received Import Request.
  path: Assets/ZFBrowser/Scripts/BrowserUI/PointerUIBase.cs
  artifactKey: Guid(7bd56d627d06bc64382a847aa240ae1d) Importer(815301076,1909f56bfc062723c751e8b465ee728b)
Start importing Assets/ZFBrowser/Scripts/BrowserUI/PointerUIBase.cs using Guid(7bd56d627d06bc64382a847aa240ae1d) Importer(815301076,1909f56bfc062723c751e8b465ee728b)  -> (artifact id: '9ec63da2bd80a7e9b279b1cb7b3c0582') in 0.115035 seconds
  Import took 0.121040 seconds .

========================================================================
Received Prepare
Registering precompiled user dll's ...
Registered in 0.008211 seconds.
Begin MonoManager ReloadAssembly
Native extension for WindowsStandalone target not found
Native extension for WebGL target not found
Refreshing native plugins compatible for Editor in 0.69 ms, found 8 plugins.
Preloading 0 native plugins for Editor in 0.00 ms.
Mono: successfully reloaded assembly
- Completed reload, in  1.315 seconds
Platform modules already initialized, skipping
Refreshing native plugins compatible for Editor in 0.60 ms, found 8 plugins.
Preloading 0 native plugins for Editor in 0.00 ms.
Unloading 1525 Unused Serialized files (Serialized files now loaded: 0)
System memory in use before: 72.6 MB.
System memory in use after: 72.8 MB.

Unloading 31 unused Assets to reduce memory usage. Loaded Objects now: 1974.
Total: 2.574000 ms (FindLiveObjects: 0.216900 ms CreateObjectMapping: 0.084200 ms MarkObjects: 2.240600 ms  DeleteObjects: 0.030300 ms)

========================================================================
Received Import Request.
  Time since last request: 27.832078 seconds.
  path: Assets/ZFBrowser/Scripts/BrowserUI/PointerUIBase.cs
  artifactKey: Guid(7bd56d627d06bc64382a847aa240ae1d) Importer(815301076,1909f56bfc062723c751e8b465ee728b)
Start importing Assets/ZFBrowser/Scripts/BrowserUI/PointerUIBase.cs using Guid(7bd56d627d06bc64382a847aa240ae1d) Importer(815301076,1909f56bfc062723c751e8b465ee728b)  -> (artifact id: '5da223d86b99553ae866a1911109a81e') in 0.038040 seconds
  Import took 0.044162 seconds .

========================================================================
Received Prepare
Registering precompiled user dll's ...
Registered in 0.012705 seconds.
Begin MonoManager ReloadAssembly
Native extension for WindowsStandalone target not found
Native extension for WebGL target not found
Refreshing native plugins compatible for Editor in 0.75 ms, found 8 plugins.
Preloading 0 native plugins for Editor in 0.00 ms.
Mono: successfully reloaded assembly
- Completed reload, in  1.305 seconds
Platform modules already initialized, skipping
Refreshing native plugins compatible for Editor in 0.62 ms, found 8 plugins.
Preloading 0 native plugins for Editor in 0.00 ms.
Unloading 1525 Unused Serialized files (Serialized files now loaded: 0)
System memory in use before: 72.7 MB.
System memory in use after: 72.8 MB.

Unloading 31 unused Assets to reduce memory usage. Loaded Objects now: 1977.
Total: 2.975400 ms (FindLiveObjects: 0.193200 ms CreateObjectMapping: 0.074600 ms MarkObjects: 2.666700 ms  DeleteObjects: 0.039200 ms)

AssetImportWorkerClient::OnTransportError - code=2 error=End of file
